[debug] [2022-11-23T09:48:02.604Z] ----------------------------------------------------------------------
[debug] [2022-11-23T09:48:02.609Z] Command:       C:\Program Files\nodejs\node.exe C:\Users\kimer\AppData\Roaming\npm\node_modules\firebase-tools\lib\bin\firebase.js deploy --only hosting
[debug] [2022-11-23T09:48:02.610Z] CLI Version:   11.2.2
[debug] [2022-11-23T09:48:02.610Z] Platform:      win32
[debug] [2022-11-23T09:48:02.611Z] Node Version:  v16.16.0
[debug] [2022-11-23T09:48:02.612Z] Time:          Wed Nov 23 2022 12:48:02 GMT+0300 (East Africa Time)
[debug] [2022-11-23T09:48:02.613Z] ----------------------------------------------------------------------
[debug] 
[debug] [2022-11-23T09:48:02.783Z] > command requires scopes: ["email","openid","https://www.googleapis.com/auth/cloudplatformprojects.readonly","https://www.googleapis.com/auth/firebase","https://www.googleapis.com/auth/cloud-platform"]
[debug] [2022-11-23T09:48:02.784Z] > authorizing via signed-in user (kimeramoses001@gmail.com)
[debug] [2022-11-23T09:48:02.785Z] [iam] checking project sl-student-portal for permissions ["firebase.projects.get","firebasehosting.sites.update"]
[debug] [2022-11-23T09:48:02.790Z] >>> [apiv2][query] POST https://cloudresourcemanager.googleapis.com/v1/projects/sl-student-portal:testIamPermissions [none]
[debug] [2022-11-23T09:48:02.791Z] >>> [apiv2][body] POST https://cloudresourcemanager.googleapis.com/v1/projects/sl-student-portal:testIamPermissions {"permissions":["firebase.projects.get","firebasehosting.sites.update"]}
[debug] [2022-11-23T09:48:05.332Z] <<< [apiv2][status] POST https://cloudresourcemanager.googleapis.com/v1/projects/sl-student-portal:testIamPermissions 200
[debug] [2022-11-23T09:48:05.333Z] <<< [apiv2][body] POST https://cloudresourcemanager.googleapis.com/v1/projects/sl-student-portal:testIamPermissions {"permissions":["firebase.projects.get","firebasehosting.sites.update"]}
[debug] [2022-11-23T09:48:05.335Z] >>> [apiv2][query] GET https://firebase.googleapis.com/v1beta1/projects/sl-student-portal [none]
[debug] [2022-11-23T09:48:06.515Z] <<< [apiv2][status] GET https://firebase.googleapis.com/v1beta1/projects/sl-student-portal 200
[debug] [2022-11-23T09:48:06.515Z] <<< [apiv2][body] GET https://firebase.googleapis.com/v1beta1/projects/sl-student-portal {"projectId":"sl-student-portal","projectNumber":"55281944616","displayName":"sl-student-portal","name":"projects/sl-student-portal","resources":{"hostingSite":"sl-student-portal"},"state":"ACTIVE","etag":"1_15006a9b-7f29-497f-bcd5-a78277bf72c9"}
[info] 
[info] === Deploying to 'sl-student-portal'...
[info] 
[info] i  deploying hosting 
[debug] [2022-11-23T09:48:06.524Z] >>> [apiv2][query] GET https://firebase.googleapis.com/v1beta1/projects/sl-student-portal [none]
[debug] [2022-11-23T09:48:27.552Z] Failed to make request to https://firebase.googleapis.com/v1beta1/projects/sl-student-portal
[debug] [2022-11-23T09:48:29.536Z] FirebaseError: Failed to make request to https://firebase.googleapis.com/v1beta1/projects/sl-student-portal
    at RetryOperation._fn (C:\Users\kimer\AppData\Roaming\npm\node_modules\firebase-tools\lib\apiv2.js:241:31)
    at processTicksAndRejections (node:internal/process/task_queues:96:5)
[error] 
[error] Error: Failed to get Firebase project sl-student-portal. Please make sure the project exists and your account has permission to access it.
